<?xml version="1.0" encoding="UTF-8"?>
<!-- Generated by org.testng.reporters.JUnitXMLReporter -->
<testsuite ignored="0" hostname="HP" failures="1" tests="2" name="Test" time="28.456" errors="0" timestamp="2022-09-15T18:12:39 IST">
  <testcase classname="org.sdet40.practice.ScreenshotPractice" name="screenShot1" time="0.064"/>
  <testcase classname="org.sdet40.practice.ScreenshotPractice2" name="screenShot" time="0.005">
    <failure type="java.lang.AssertionError" message="null">
      <![CDATA[java.lang.AssertionError: null
at org.sdet40.practice.ScreenshotPractice2.screenShot(ScreenshotPractice2.java:17)
at java.base/java.util.concurrent.ThreadPoolExecutor.runWorker(ThreadPoolExecutor.java:1130)
at java.base/java.util.concurrent.ThreadPoolExecutor$Worker.run(ThreadPoolExecutor.java:630)
at java.base/java.lang.Thread.run(Thread.java:831)
... Removed 14 stack frames]]>
    </failure>
  </testcase> <!-- screenShot -->
</testsuite> <!-- Test -->
