<?xml version="1.0" encoding="UTF-8"?>
<!-- Generated by org.testng.reporters.JUnitXMLReporter -->
<testsuite hostname="HP" name="Test2" tests="9" failures="0" timestamp="19 Sep 2022 12:19:38 GMT" time="0.126" errors="0">
  <testcase name="step2Test" time="0.0" classname="org.sdet40.practice.TestNGPractice1Test"/>
  <testcase name="step2Test" time="0.0" classname="org.sdet40.practice.TestNGPractice1Test"/>
  <testcase name="step2Test" time="0.001" classname="org.sdet40.practice.TestNGPractice1Test"/>
  <testcase name="step2Test" time="0.002" classname="org.sdet40.practice.TestNGPractice1Test"/>
  <testcase name="step2Test" time="0.001" classname="org.sdet40.practice.TestNGPractice1Test"/>
  <testcase name="step2Test" time="0.001" classname="org.sdet40.practice.TestNGPractice1Test"/>
  <testcase name="step2Test" time="0.001" classname="org.sdet40.practice.TestNGPractice1Test"/>
  <testcase name="step2Test" time="0.002" classname="org.sdet40.practice.TestNGPractice1Test"/>
  <testcase name="step1Test" time="0.0" classname="org.sdet40.practice.TestNGPractice2Test"/>
</testsuite> <!-- Test2 -->
