<?xml version="1.0" encoding="UTF-8"?>
<testng-results skipped="0" failed="0" total="1" passed="1">
  <reporter-output>
  </reporter-output>
  <suite name="org.sdet40.practice.MavenPractice2Test" duration-ms="21284" started-at="2022-09-20T05:36:46Z" finished-at="2022-09-20T05:37:08Z">
    <groups>
      <group name="sanity">
        <method signature="MavenPractice2Test.step1Test()[pri:0, instance:org.sdet40.practice.MavenPractice2Test@56f4468b]" name="step1Test" class="org.sdet40.practice.MavenPractice2Test"/>
      </group> <!-- sanity -->
    </groups>
    <test name="Command line test" duration-ms="21284" started-at="2022-09-20T05:36:46Z" finished-at="2022-09-20T05:37:08Z">
      <class name="org.sdet40.practice.MavenPractice2Test">
        <test-method status="PASS" signature="step1Test()[pri:0, instance:org.sdet40.practice.MavenPractice2Test@56f4468b]" name="step1Test" duration-ms="21275" started-at="2022-09-20T11:06:46Z" finished-at="2022-09-20T11:07:08Z">
          <reporter-output>
          </reporter-output>
        </test-method> <!-- step1Test -->
      </class> <!-- org.sdet40.practice.MavenPractice2Test -->
    </test> <!-- Command line test -->
  </suite> <!-- org.sdet40.practice.MavenPractice2Test -->
</testng-results>
